<?xml version="1.0" encoding="utf-8"?><testsuites name="pytest tests"><testsuite name="pytest" errors="0" failures="0" skipped="1" tests="26" time="0.244" timestamp="2026-01-19T13:26:24.389282+02:00" hostname="DESKTOP-TFROF6N"><testcase classname="tests.test_circle.TestCircle" name="test_radius" time="0.004" /><testcase classname="tests.test_circle.TestCircle" name="test_perimeter" time="0.003" /><testcase classname="tests.test_ractangle" name="test_area" time="0.000"><skipped type="pytest.skip" message="This feature is currently broken">C:\Users\golan\PycharmProjects\PyTestProject\tests\test_ractangle.py:3: This feature is currently broken</skipped></testcase><testcase classname="tests.test_ractangle" name="test_perimeter" time="0.001" /><testcase classname="tests.test_ractangle" name="test_not_equal" time="0.001" /><testcase classname="tests.test_school" name="test_classroom_initialization" time="0.001" /><testcase classname="tests.test_school" name="test_add_student_within_limit[0]" time="0.001" /><testcase classname="tests.test_school" name="test_add_student_within_limit[5]" time="0.001" /><testcase classname="tests.test_school" name="test_add_student_within_limit[10]" time="0.001" /><testcase classname="tests.test_school" name="test_add_student_too_many_students" time="0.001" /><testcase classname="tests.test_school" name="test_remove_existing_student" time="0.001" /><testcase classname="tests.test_school" name="test_remove_non_existing_student_does_not_fail" time="0.001" /><testcase classname="tests.test_school" name="test_change_teacher" time="0.001" /><testcase classname="tests.test_school" name="test_person_name[Student]" time="0.001" /><testcase classname="tests.test_school" name="test_person_name[Teacher]" time="0.001" /><testcase classname="tests.test_service" name="test_get_user_from_db" time="0.001" /><testcase classname="tests.test_service" name="test_get_users" time="0.001" /><testcase classname="tests.test_service" name="test_get_users_error" time="0.001" /><testcase classname="tests.test_square" name="test_multiple_square_areas[5-25]" time="0.001" /><testcase classname="tests.test_square" name="test_multiple_square_areas[1-1]" time="0.001" /><testcase classname="tests.test_square" name="test_multiple_square_areas[3-9]" time="0.001" /><testcase classname="tests.test_square" name="test_multiple_square_areas[4-16]" time="0.001" /><testcase classname="tests.test_square" name="test_multiple_perimeters[5-20]" time="0.001" /><testcase classname="tests.test_square" name="test_multiple_perimeters[1-4]" time="0.001" /><testcase classname="tests.test_square" name="test_multiple_perimeters[3-12]" time="0.001" /><testcase classname="tests.test_square" name="test_multiple_perimeters[4-16]" time="0.001" /></testsuite></testsuites>